There is 42.848 Mb in use.
Warning: The parameter "FixedRenewableTarget" is not initialized (default values are used).
Warning: The columns "Generation(0,Nuclear,NY,1)" and "Generation(0,OTEC,NY,1)" are equal in the generated mathematical program "leastCostInvestmentPlan".
This may lead to non-unique solutions. 
For more information regarding potential causes and consequences, see the help associated with the option "Warning_duplicate_column".
Warning: The columns "Generation(0,Offshore,NE,1)" and "Generation(0,PV Solar,NE,1)" are equal in the generated mathematical program "leastCostInvestmentPlan".
This may lead to non-unique solutions. 
For more information regarding potential causes and consequences, see the help associated with the option "Warning_duplicate_column".
Warning: The columns "Generation(0,PV Solar,NE,1)" and "Generation(0,Tidal,NE,1)" are equal in the generated mathematical program "leastCostInvestmentPlan".
This may lead to non-unique solutions. 
For more information regarding potential causes and consequences, see the help associated with the option "Warning_duplicate_column".
Warning: The columns "Generation(0,Tidal,NE,1)" and "Generation(0,Hydro,NE,1)" are equal in the generated mathematical program "leastCostInvestmentPlan".
This may lead to non-unique solutions. 
For more information regarding potential causes and consequences, see the help associated with the option "Warning_duplicate_column".
Warning: The columns "Generation(0,Hydro,NE,1)" and "Generation(0,PV Thermal,NE,1)" are equal in the generated mathematical program "leastCostInvestmentPlan".
This may lead to non-unique solutions. 
For more information regarding potential causes and consequences, see the help associated with the option "Warning_duplicate_column".
Warning: The columns "Generation(0,PV Thermal,NE,1)" and "Generation(0,Geothermal,NE,1)" are equal in the generated mathematical program "leastCostInvestmentPlan".
This may lead to non-unique solutions. 
For more information regarding potential causes and consequences, see the help associated with the option "Warning_duplicate_column".
Warning: The columns "Generation(0,Geothermal,NE,1)" and "Generation(0,Wind,NE,1)" are equal in the generated mathematical program "leastCostInvestmentPlan".
This may lead to non-unique solutions. 
For more information regarding potential causes and consequences, see the help associated with the option "Warning_duplicate_column".
Warning: The columns "Generation(0,PV Thermal,NE,3)" and "Generation(0,Wind,NE,3)" are equal in the generated mathematical program "leastCostInvestmentPlan".
This may lead to non-unique solutions. 
For more information regarding potential causes and consequences, see the help associated with the option "Warning_duplicate_column".
Warning: The columns "Generation(0,Wind,NE,3)" and "Generation(0,Hydro,NE,3)" are equal in the generated mathematical program "leastCostInvestmentPlan".
This may lead to non-unique solutions. 
For more information regarding potential causes and consequences, see the help associated with the option "Warning_duplicate_column".
Warning: The columns "Generation(0,Hydro,NE,3)" and "Generation(0,PV Solar,NE,3)" are equal in the generated mathematical program "leastCostInvestmentPlan".
This may lead to non-unique solutions. 
For more information regarding potential causes and consequences, see the help associated with the option "Warning_duplicate_column".
Warning: The columns "Generation(0,PV Solar,NE,3)" and "Generation(0,Geothermal,NE,3)" are equal in the generated mathematical program "leastCostInvestmentPlan".
This may lead to non-unique solutions. 
For more information regarding potential causes and consequences, see the help associated with the option "Warning_duplicate_column".
Warning: The columns "Generation(0,Geothermal,NE,3)" and "Generation(0,Offshore,NE,3)" are equal in the generated mathematical program "leastCostInvestmentPlan".
This may lead to non-unique solutions. 
For more information regarding potential causes and consequences, see the help associated with the option "Warning_duplicate_column".
Warning: The columns "Generation(0,Offshore,NE,3)" and "Generation(0,Tidal,NE,3)" are equal in the generated mathematical program "leastCostInvestmentPlan".
This may lead to non-unique solutions. 
For more information regarding potential causes and consequences, see the help associated with the option "Warning_duplicate_column".
Warning: The columns "Generation(0,Tidal,NE,9)" and "Generation(0,PV Solar,NE,9)" are equal in the generated mathematical program "leastCostInvestmentPlan".
This may lead to non-unique solutions. 
For more information regarding potential causes and consequences, see the help associated with the option "Warning_duplicate_column".
Warning: The columns "Generation(0,PV Solar,NE,9)" and "Generation(0,Geothermal,NE,9)" are equal in the generated mathematical program "leastCostInvestmentPlan".
This may lead to non-unique solutions. 
For more information regarding potential causes and consequences, see the help associated with the option "Warning_duplicate_column".
Warning: The columns "Generation(0,Geothermal,NE,9)" and "Generation(0,Offshore,NE,9)" are equal in the generated mathematical program "leastCostInvestmentPlan".
This may lead to non-unique solutions. 
For more information regarding potential causes and consequences, see the help associated with the option "Warning_duplicate_column".
Warning: The columns "Generation(0,Offshore,NE,9)" and "Generation(0,Wind,NE,9)" are equal in the generated mathematical program "leastCostInvestmentPlan".
This may lead to non-unique solutions. 
For more information regarding potential causes and consequences, see the help associated with the option "Warning_duplicate_column".
Warning: The columns "Generation(0,Wind,NE,9)" and "Generation(0,Hydro,NE,9)" are equal in the generated mathematical program "leastCostInvestmentPlan".
This may lead to non-unique solutions. 
For more information regarding potential causes and consequences, see the help associated with the option "Warning_duplicate_column".
Warning: The columns "Generation(0,Hydro,NE,9)" and "Generation(0,PV Thermal,NE,9)" are equal in the generated mathematical program "leastCostInvestmentPlan".
This may lead to non-unique solutions. 
For more information regarding potential causes and consequences, see the help associated with the option "Warning_duplicate_column".
The maximum of 20 warnings reached, further warnings suppressed.
Warning: The columns "Generation(0,Nuclear,NY,1)" and "Generation(0,OTEC,NY,1)" are equal in the generated mathematical program "leastCostInvestmentPlan".
This may lead to non-unique solutions. 
For more information regarding potential causes and consequences, see the help associated with the option "Warning_duplicate_column".
Warning: The columns "Generation(0,Offshore,NE,1)" and "Generation(0,PV Solar,NE,1)" are equal in the generated mathematical program "leastCostInvestmentPlan".
This may lead to non-unique solutions. 
For more information regarding potential causes and consequences, see the help associated with the option "Warning_duplicate_column".
Warning: The columns "Generation(0,PV Solar,NE,1)" and "Generation(0,Tidal,NE,1)" are equal in the generated mathematical program "leastCostInvestmentPlan".
This may lead to non-unique solutions. 
For more information regarding potential causes and consequences, see the help associated with the option "Warning_duplicate_column".
Warning: The columns "Generation(0,Tidal,NE,1)" and "Generation(0,Hydro,NE,1)" are equal in the generated mathematical program "leastCostInvestmentPlan".
This may lead to non-unique solutions. 
For more information regarding potential causes and consequences, see the help associated with the option "Warning_duplicate_column".
Warning: The columns "Generation(0,Hydro,NE,1)" and "Generation(0,PV Thermal,NE,1)" are equal in the generated mathematical program "leastCostInvestmentPlan".
This may lead to non-unique solutions. 
For more information regarding potential causes and consequences, see the help associated with the option "Warning_duplicate_column".
Warning: The columns "Generation(0,PV Thermal,NE,1)" and "Generation(0,Geothermal,NE,1)" are equal in the generated mathematical program "leastCostInvestmentPlan".
This may lead to non-unique solutions. 
For more information regarding potential causes and consequences, see the help associated with the option "Warning_duplicate_column".
Warning: The columns "Generation(0,Geothermal,NE,1)" and "Generation(0,Wind,NE,1)" are equal in the generated mathematical program "leastCostInvestmentPlan".
This may lead to non-unique solutions. 
For more information regarding potential causes and consequences, see the help associated with the option "Warning_duplicate_column".
Warning: The columns "Generation(0,PV Thermal,NE,3)" and "Generation(0,Wind,NE,3)" are equal in the generated mathematical program "leastCostInvestmentPlan".
This may lead to non-unique solutions. 
For more information regarding potential causes and consequences, see the help associated with the option "Warning_duplicate_column".
Warning: The columns "Generation(0,Wind,NE,3)" and "Generation(0,Hydro,NE,3)" are equal in the generated mathematical program "leastCostInvestmentPlan".
This may lead to non-unique solutions. 
For more information regarding potential causes and consequences, see the help associated with the option "Warning_duplicate_column".
Warning: The columns "Generation(0,Hydro,NE,3)" and "Generation(0,PV Solar,NE,3)" are equal in the generated mathematical program "leastCostInvestmentPlan".
This may lead to non-unique solutions. 
For more information regarding potential causes and consequences, see the help associated with the option "Warning_duplicate_column".
Warning: The columns "Generation(0,PV Solar,NE,3)" and "Generation(0,Geothermal,NE,3)" are equal in the generated mathematical program "leastCostInvestmentPlan".
This may lead to non-unique solutions. 
For more information regarding potential causes and consequences, see the help associated with the option "Warning_duplicate_column".
Warning: The columns "Generation(0,Geothermal,NE,3)" and "Generation(0,Offshore,NE,3)" are equal in the generated mathematical program "leastCostInvestmentPlan".
This may lead to non-unique solutions. 
For more information regarding potential causes and consequences, see the help associated with the option "Warning_duplicate_column".
Warning: The columns "Generation(0,Offshore,NE,3)" and "Generation(0,Tidal,NE,3)" are equal in the generated mathematical program "leastCostInvestmentPlan".
This may lead to non-unique solutions. 
For more information regarding potential causes and consequences, see the help associated with the option "Warning_duplicate_column".
Warning: The columns "Generation(0,Tidal,NE,9)" and "Generation(0,PV Solar,NE,9)" are equal in the generated mathematical program "leastCostInvestmentPlan".
This may lead to non-unique solutions. 
For more information regarding potential causes and consequences, see the help associated with the option "Warning_duplicate_column".
Warning: The columns "Generation(0,PV Solar,NE,9)" and "Generation(0,Geothermal,NE,9)" are equal in the generated mathematical program "leastCostInvestmentPlan".
This may lead to non-unique solutions. 
For more information regarding potential causes and consequences, see the help associated with the option "Warning_duplicate_column".
Warning: The columns "Generation(0,Geothermal,NE,9)" and "Generation(0,Offshore,NE,9)" are equal in the generated mathematical program "leastCostInvestmentPlan".
This may lead to non-unique solutions. 
For more information regarding potential causes and consequences, see the help associated with the option "Warning_duplicate_column".
Warning: The columns "Generation(0,Offshore,NE,9)" and "Generation(0,Wind,NE,9)" are equal in the generated mathematical program "leastCostInvestmentPlan".
This may lead to non-unique solutions. 
For more information regarding potential causes and consequences, see the help associated with the option "Warning_duplicate_column".
Warning: The columns "Generation(0,Wind,NE,9)" and "Generation(0,Hydro,NE,9)" are equal in the generated mathematical program "leastCostInvestmentPlan".
This may lead to non-unique solutions. 
For more information regarding potential causes and consequences, see the help associated with the option "Warning_duplicate_column".
Warning: The columns "Generation(0,Hydro,NE,9)" and "Generation(0,PV Thermal,NE,9)" are equal in the generated mathematical program "leastCostInvestmentPlan".
This may lead to non-unique solutions. 
For more information regarding potential causes and consequences, see the help associated with the option "Warning_duplicate_column".
Warning: The columns "Generation(0,Wind,NE,5)" and "Generation(0,Geothermal,NE,5)" are equal in the generated mathematical program "leastCostInvestmentPlan".
This may lead to non-unique solutions. 
For more information regarding potential causes and consequences, see the help associated with the option "Warning_duplicate_column".
The maximum of 20 warnings reached, further warnings suppressed.
Warning: The argument(s) of the iterative operator "sum" do not depend on the index "a", see also the option "Warning_unused_index".
Warning: The argument(s) of the iterative operator "sum" do not depend on the index "a", see also the option "Warning_unused_index".
Warning: The columns "Generation(0,Nuclear,NY,1)" and "Generation(0,OTEC,NY,1)" are equal in the generated mathematical program "leastCostInvestmentPlan".
This may lead to non-unique solutions. 
For more information regarding potential causes and consequences, see the help associated with the option "Warning_duplicate_column".
Warning: The columns "Generation(0,Offshore,NE,1)" and "Generation(0,PV Solar,NE,1)" are equal in the generated mathematical program "leastCostInvestmentPlan".
This may lead to non-unique solutions. 
For more information regarding potential causes and consequences, see the help associated with the option "Warning_duplicate_column".
Warning: The columns "Generation(0,PV Solar,NE,1)" and "Generation(0,Tidal,NE,1)" are equal in the generated mathematical program "leastCostInvestmentPlan".
This may lead to non-unique solutions. 
For more information regarding potential causes and consequences, see the help associated with the option "Warning_duplicate_column".
Warning: The columns "Generation(0,Tidal,NE,1)" and "Generation(0,Hydro,NE,1)" are equal in the generated mathematical program "leastCostInvestmentPlan".
This may lead to non-unique solutions. 
For more information regarding potential causes and consequences, see the help associated with the option "Warning_duplicate_column".
Warning: The columns "Generation(0,Hydro,NE,1)" and "Generation(0,PV Thermal,NE,1)" are equal in the generated mathematical program "leastCostInvestmentPlan".
This may lead to non-unique solutions. 
For more information regarding potential causes and consequences, see the help associated with the option "Warning_duplicate_column".
Warning: The columns "Generation(0,PV Thermal,NE,1)" and "Generation(0,Geothermal,NE,1)" are equal in the generated mathematical program "leastCostInvestmentPlan".
This may lead to non-unique solutions. 
For more information regarding potential causes and consequences, see the help associated with the option "Warning_duplicate_column".
Warning: The columns "Generation(0,Geothermal,NE,1)" and "Generation(0,Wind,NE,1)" are equal in the generated mathematical program "leastCostInvestmentPlan".
This may lead to non-unique solutions. 
For more information regarding potential causes and consequences, see the help associated with the option "Warning_duplicate_column".
Warning: The columns "Generation(0,PV Thermal,NE,3)" and "Generation(0,Wind,NE,3)" are equal in the generated mathematical program "leastCostInvestmentPlan".
This may lead to non-unique solutions. 
For more information regarding potential causes and consequences, see the help associated with the option "Warning_duplicate_column".
Warning: The columns "Generation(0,Wind,NE,3)" and "Generation(0,Hydro,NE,3)" are equal in the generated mathematical program "leastCostInvestmentPlan".
This may lead to non-unique solutions. 
For more information regarding potential causes and consequences, see the help associated with the option "Warning_duplicate_column".
Warning: The columns "Generation(0,Hydro,NE,3)" and "Generation(0,PV Solar,NE,3)" are equal in the generated mathematical program "leastCostInvestmentPlan".
This may lead to non-unique solutions. 
For more information regarding potential causes and consequences, see the help associated with the option "Warning_duplicate_column".
Warning: The columns "Generation(0,PV Solar,NE,3)" and "Generation(0,Geothermal,NE,3)" are equal in the generated mathematical program "leastCostInvestmentPlan".
This may lead to non-unique solutions. 
For more information regarding potential causes and consequences, see the help associated with the option "Warning_duplicate_column".
Warning: The columns "Generation(0,Geothermal,NE,3)" and "Generation(0,Offshore,NE,3)" are equal in the generated mathematical program "leastCostInvestmentPlan".
This may lead to non-unique solutions. 
For more information regarding potential causes and consequences, see the help associated with the option "Warning_duplicate_column".
Warning: The columns "Generation(0,Offshore,NE,3)" and "Generation(0,Tidal,NE,3)" are equal in the generated mathematical program "leastCostInvestmentPlan".
This may lead to non-unique solutions. 
For more information regarding potential causes and consequences, see the help associated with the option "Warning_duplicate_column".
Warning: The columns "Generation(0,Tidal,NE,9)" and "Generation(0,PV Solar,NE,9)" are equal in the generated mathematical program "leastCostInvestmentPlan".
This may lead to non-unique solutions. 
For more information regarding potential causes and consequences, see the help associated with the option "Warning_duplicate_column".
Warning: The columns "Generation(0,PV Solar,NE,9)" and "Generation(0,Geothermal,NE,9)" are equal in the generated mathematical program "leastCostInvestmentPlan".
This may lead to non-unique solutions. 
For more information regarding potential causes and consequences, see the help associated with the option "Warning_duplicate_column".
Warning: The columns "Generation(0,Geothermal,NE,9)" and "Generation(0,Offshore,NE,9)" are equal in the generated mathematical program "leastCostInvestmentPlan".
This may lead to non-unique solutions. 
For more information regarding potential causes and consequences, see the help associated with the option "Warning_duplicate_column".
Warning: The columns "Generation(0,Offshore,NE,9)" and "Generation(0,Wind,NE,9)" are equal in the generated mathematical program "leastCostInvestmentPlan".
This may lead to non-unique solutions. 
For more information regarding potential causes and consequences, see the help associated with the option "Warning_duplicate_column".
Warning: The columns "Generation(0,Wind,NE,9)" and "Generation(0,Hydro,NE,9)" are equal in the generated mathematical program "leastCostInvestmentPlan".
This may lead to non-unique solutions. 
For more information regarding potential causes and consequences, see the help associated with the option "Warning_duplicate_column".
Warning: The columns "Generation(0,Hydro,NE,9)" and "Generation(0,PV Thermal,NE,9)" are equal in the generated mathematical program "leastCostInvestmentPlan".
This may lead to non-unique solutions. 
For more information regarding potential causes and consequences, see the help associated with the option "Warning_duplicate_column".
Warning: The columns "Generation(0,Wind,NE,5)" and "Generation(0,Geothermal,NE,5)" are equal in the generated mathematical program "leastCostInvestmentPlan".
This may lead to non-unique solutions. 
For more information regarding potential causes and consequences, see the help associated with the option "Warning_duplicate_column".
The maximum of 20 warnings reached, further warnings suppressed.
CPLEX: If you want to find out whether the problem is infeasible or unbounded then try to run it with the CPLEX
       option 'Presolve' set to 'no'.
Warning: The argument(s) of the iterative operator "sum" do not depend on the index "a", see also the option "Warning_unused_index".
Warning: The argument(s) of the iterative operator "sum" do not depend on the index "a", see also the option "Warning_unused_index".
Warning: The argument(s) of the iterative operator "sum" do not depend on the index "a", see also the option "Warning_unused_index".
Warning: The columns "Generation(0,Nuclear,NY,1)" and "Generation(0,OTEC,NY,1)" are equal in the generated mathematical program "leastCostInvestmentPlan".
This may lead to non-unique solutions. 
For more information regarding potential causes and consequences, see the help associated with the option "Warning_duplicate_column".
Warning: The columns "Generation(0,Offshore,NE,1)" and "Generation(0,PV Solar,NE,1)" are equal in the generated mathematical program "leastCostInvestmentPlan".
This may lead to non-unique solutions. 
For more information regarding potential causes and consequences, see the help associated with the option "Warning_duplicate_column".
Warning: The columns "Generation(0,PV Solar,NE,1)" and "Generation(0,Tidal,NE,1)" are equal in the generated mathematical program "leastCostInvestmentPlan".
This may lead to non-unique solutions. 
For more information regarding potential causes and consequences, see the help associated with the option "Warning_duplicate_column".
Warning: The columns "Generation(0,Tidal,NE,1)" and "Generation(0,Hydro,NE,1)" are equal in the generated mathematical program "leastCostInvestmentPlan".
This may lead to non-unique solutions. 
For more information regarding potential causes and consequences, see the help associated with the option "Warning_duplicate_column".
Warning: The columns "Generation(0,Hydro,NE,1)" and "Generation(0,PV Thermal,NE,1)" are equal in the generated mathematical program "leastCostInvestmentPlan".
This may lead to non-unique solutions. 
For more information regarding potential causes and consequences, see the help associated with the option "Warning_duplicate_column".
Warning: The columns "Generation(0,PV Thermal,NE,1)" and "Generation(0,Geothermal,NE,1)" are equal in the generated mathematical program "leastCostInvestmentPlan".
This may lead to non-unique solutions. 
For more information regarding potential causes and consequences, see the help associated with the option "Warning_duplicate_column".
Warning: The columns "Generation(0,Geothermal,NE,1)" and "Generation(0,Wind,NE,1)" are equal in the generated mathematical program "leastCostInvestmentPlan".
This may lead to non-unique solutions. 
For more information regarding potential causes and consequences, see the help associated with the option "Warning_duplicate_column".
Warning: The columns "Generation(0,PV Thermal,NE,3)" and "Generation(0,Wind,NE,3)" are equal in the generated mathematical program "leastCostInvestmentPlan".
This may lead to non-unique solutions. 
For more information regarding potential causes and consequences, see the help associated with the option "Warning_duplicate_column".
Warning: The columns "Generation(0,Wind,NE,3)" and "Generation(0,Hydro,NE,3)" are equal in the generated mathematical program "leastCostInvestmentPlan".
This may lead to non-unique solutions. 
For more information regarding potential causes and consequences, see the help associated with the option "Warning_duplicate_column".
Warning: The columns "Generation(0,Hydro,NE,3)" and "Generation(0,PV Solar,NE,3)" are equal in the generated mathematical program "leastCostInvestmentPlan".
This may lead to non-unique solutions. 
For more information regarding potential causes and consequences, see the help associated with the option "Warning_duplicate_column".
Warning: The columns "Generation(0,PV Solar,NE,3)" and "Generation(0,Geothermal,NE,3)" are equal in the generated mathematical program "leastCostInvestmentPlan".
This may lead to non-unique solutions. 
For more information regarding potential causes and consequences, see the help associated with the option "Warning_duplicate_column".
Warning: The columns "Generation(0,Geothermal,NE,3)" and "Generation(0,Offshore,NE,3)" are equal in the generated mathematical program "leastCostInvestmentPlan".
This may lead to non-unique solutions. 
For more information regarding potential causes and consequences, see the help associated with the option "Warning_duplicate_column".
Warning: The columns "Generation(0,Offshore,NE,3)" and "Generation(0,Tidal,NE,3)" are equal in the generated mathematical program "leastCostInvestmentPlan".
This may lead to non-unique solutions. 
For more information regarding potential causes and consequences, see the help associated with the option "Warning_duplicate_column".
Warning: The columns "Generation(0,Tidal,NE,9)" and "Generation(0,PV Solar,NE,9)" are equal in the generated mathematical program "leastCostInvestmentPlan".
This may lead to non-unique solutions. 
For more information regarding potential causes and consequences, see the help associated with the option "Warning_duplicate_column".
Warning: The columns "Generation(0,PV Solar,NE,9)" and "Generation(0,Geothermal,NE,9)" are equal in the generated mathematical program "leastCostInvestmentPlan".
This may lead to non-unique solutions. 
For more information regarding potential causes and consequences, see the help associated with the option "Warning_duplicate_column".
Warning: The columns "Generation(0,Geothermal,NE,9)" and "Generation(0,Offshore,NE,9)" are equal in the generated mathematical program "leastCostInvestmentPlan".
This may lead to non-unique solutions. 
For more information regarding potential causes and consequences, see the help associated with the option "Warning_duplicate_column".
Warning: The columns "Generation(0,Offshore,NE,9)" and "Generation(0,Wind,NE,9)" are equal in the generated mathematical program "leastCostInvestmentPlan".
This may lead to non-unique solutions. 
For more information regarding potential causes and consequences, see the help associated with the option "Warning_duplicate_column".
Warning: The columns "Generation(0,Wind,NE,9)" and "Generation(0,Hydro,NE,9)" are equal in the generated mathematical program "leastCostInvestmentPlan".
This may lead to non-unique solutions. 
For more information regarding potential causes and consequences, see the help associated with the option "Warning_duplicate_column".
Warning: The columns "Generation(0,Hydro,NE,9)" and "Generation(0,PV Thermal,NE,9)" are equal in the generated mathematical program "leastCostInvestmentPlan".
This may lead to non-unique solutions. 
For more information regarding potential causes and consequences, see the help associated with the option "Warning_duplicate_column".
Warning: The columns "Generation(0,Wind,NE,5)" and "Generation(0,Geothermal,NE,5)" are equal in the generated mathematical program "leastCostInvestmentPlan".
This may lead to non-unique solutions. 
For more information regarding potential causes and consequences, see the help associated with the option "Warning_duplicate_column".
The maximum of 20 warnings reached, further warnings suppressed.
Semantic error.
The undeclared "" is not an index.

Semantic error.
The undeclared "" is not an index.

Semantic error.
The undeclared "" is not an index.

Warning: The columns "Generation(0,Nuclear,NY,1)" and "Generation(0,OTEC,NY,1)" are equal in the generated mathematical program "leastCostInvestmentPlan".
This may lead to non-unique solutions. 
For more information regarding potential causes and consequences, see the help associated with the option "Warning_duplicate_column".
Warning: The columns "Generation(0,Tidal,NE,1)" and "Generation(0,Wind,NE,1)" are equal in the generated mathematical program "leastCostInvestmentPlan".
This may lead to non-unique solutions. 
For more information regarding potential causes and consequences, see the help associated with the option "Warning_duplicate_column".
Warning: The columns "Generation(0,Wind,NE,1)" and "Generation(0,PV Solar,NE,1)" are equal in the generated mathematical program "leastCostInvestmentPlan".
This may lead to non-unique solutions. 
For more information regarding potential causes and consequences, see the help associated with the option "Warning_duplicate_column".
Warning: The columns "Generation(0,PV Solar,NE,1)" and "Generation(0,Offshore,NE,1)" are equal in the generated mathematical program "leastCostInvestmentPlan".
This may lead to non-unique solutions. 
For more information regarding potential causes and consequences, see the help associated with the option "Warning_duplicate_column".
Warning: The columns "Generation(0,Offshore,NE,1)" and "Generation(0,PV Thermal,NE,1)" are equal in the generated mathematical program "leastCostInvestmentPlan".
This may lead to non-unique solutions. 
For more information regarding potential causes and consequences, see the help associated with the option "Warning_duplicate_column".
Warning: The columns "Generation(0,PV Thermal,NE,1)" and "Generation(0,Geothermal,NE,1)" are equal in the generated mathematical program "leastCostInvestmentPlan".
This may lead to non-unique solutions. 
For more information regarding potential causes and consequences, see the help associated with the option "Warning_duplicate_column".
Warning: The columns "Generation(0,Geothermal,NE,1)" and "Generation(0,Hydro,NE,1)" are equal in the generated mathematical program "leastCostInvestmentPlan".
This may lead to non-unique solutions. 
For more information regarding potential causes and consequences, see the help associated with the option "Warning_duplicate_column".
Warning: The columns "Generation(0,Tidal,NE,3)" and "Generation(0,PV Thermal,NE,3)" are equal in the generated mathematical program "leastCostInvestmentPlan".
This may lead to non-unique solutions. 
For more information regarding potential causes and consequences, see the help associated with the option "Warning_duplicate_column".
Warning: The columns "Generation(0,PV Thermal,NE,3)" and "Generation(0,PV Solar,NE,3)" are equal in the generated mathematical program "leastCostInvestmentPlan".
This may lead to non-unique solutions. 
For more information regarding potential causes and consequences, see the help associated with the option "Warning_duplicate_column".
Warning: The columns "Generation(0,PV Solar,NE,3)" and "Generation(0,Wind,NE,3)" are equal in the generated mathematical program "leastCostInvestmentPlan".
This may lead to non-unique solutions. 
For more information regarding potential causes and consequences, see the help associated with the option "Warning_duplicate_column".
Warning: The columns "Generation(0,Wind,NE,3)" and "Generation(0,Hydro,NE,3)" are equal in the generated mathematical program "leastCostInvestmentPlan".
This may lead to non-unique solutions. 
For more information regarding potential causes and consequences, see the help associated with the option "Warning_duplicate_column".
Warning: The columns "Generation(0,Hydro,NE,3)" and "Generation(0,Geothermal,NE,3)" are equal in the generated mathematical program "leastCostInvestmentPlan".
This may lead to non-unique solutions. 
For more information regarding potential causes and consequences, see the help associated with the option "Warning_duplicate_column".
Warning: The columns "Generation(0,Geothermal,NE,3)" and "Generation(0,Offshore,NE,3)" are equal in the generated mathematical program "leastCostInvestmentPlan".
This may lead to non-unique solutions. 
For more information regarding potential causes and consequences, see the help associated with the option "Warning_duplicate_column".
Warning: The columns "Generation(0,Offshore,NE,9)" and "Generation(0,Wind,NE,9)" are equal in the generated mathematical program "leastCostInvestmentPlan".
This may lead to non-unique solutions. 
For more information regarding potential causes and consequences, see the help associated with the option "Warning_duplicate_column".
Warning: The columns "Generation(0,Wind,NE,9)" and "Generation(0,Tidal,NE,9)" are equal in the generated mathematical program "leastCostInvestmentPlan".
This may lead to non-unique solutions. 
For more information regarding potential causes and consequences, see the help associated with the option "Warning_duplicate_column".
Warning: The columns "Generation(0,Tidal,NE,9)" and "Generation(0,PV Thermal,NE,9)" are equal in the generated mathematical program "leastCostInvestmentPlan".
This may lead to non-unique solutions. 
For more information regarding potential causes and consequences, see the help associated with the option "Warning_duplicate_column".
Warning: The columns "Generation(0,PV Thermal,NE,9)" and "Generation(0,PV Solar,NE,9)" are equal in the generated mathematical program "leastCostInvestmentPlan".
This may lead to non-unique solutions. 
For more information regarding potential causes and consequences, see the help associated with the option "Warning_duplicate_column".
Warning: The columns "Generation(0,PV Solar,NE,9)" and "Generation(0,Hydro,NE,9)" are equal in the generated mathematical program "leastCostInvestmentPlan".
This may lead to non-unique solutions. 
For more information regarding potential causes and consequences, see the help associated with the option "Warning_duplicate_column".
Warning: The columns "Generation(0,Hydro,NE,9)" and "Generation(0,Geothermal,NE,9)" are equal in the generated mathematical program "leastCostInvestmentPlan".
This may lead to non-unique solutions. 
For more information regarding potential causes and consequences, see the help associated with the option "Warning_duplicate_column".
Warning: The columns "Generation(0,Wind,NE,5)" and "Generation(0,PV Thermal,NE,5)" are equal in the generated mathematical program "leastCostInvestmentPlan".
This may lead to non-unique solutions. 
For more information regarding potential causes and consequences, see the help associated with the option "Warning_duplicate_column".
The maximum of 20 warnings reached, further warnings suppressed.
