There is 73.324 Mb in use.
Warning: The parameter "FixedRenewableTarget" is not initialized (default values are used).
Warning: The columns "Generation(0,Geothermal,NE,1)" and "Generation(0,Tidal,NE,1)" are equal in the generated mathematical program "leastCostInvestmentPlan".
This may lead to non-unique solutions. 
For more information regarding potential causes and consequences, see the help associated with the option "Warning_duplicate_column".
Warning: The columns "Generation(0,Tidal,NE,1)" and "Generation(0,Offshore,NE,1)" are equal in the generated mathematical program "leastCostInvestmentPlan".
This may lead to non-unique solutions. 
For more information regarding potential causes and consequences, see the help associated with the option "Warning_duplicate_column".
Warning: The columns "Generation(0,Offshore,NE,1)" and "Generation(0,PV Thermal,NE,1)" are equal in the generated mathematical program "leastCostInvestmentPlan".
This may lead to non-unique solutions. 
For more information regarding potential causes and consequences, see the help associated with the option "Warning_duplicate_column".
Warning: The columns "Generation(0,PV Thermal,NE,1)" and "Generation(0,PV Solar,NE,1)" are equal in the generated mathematical program "leastCostInvestmentPlan".
This may lead to non-unique solutions. 
For more information regarding potential causes and consequences, see the help associated with the option "Warning_duplicate_column".
Warning: The columns "Generation(0,PV Solar,NE,1)" and "Generation(0,Wind,NE,1)" are equal in the generated mathematical program "leastCostInvestmentPlan".
This may lead to non-unique solutions. 
For more information regarding potential causes and consequences, see the help associated with the option "Warning_duplicate_column".
Warning: The columns "Generation(0,Wind,NE,1)" and "Generation(0,Hydro,NE,1)" are equal in the generated mathematical program "leastCostInvestmentPlan".
This may lead to non-unique solutions. 
For more information regarding potential causes and consequences, see the help associated with the option "Warning_duplicate_column".
Warning: The columns "Generation(0,Tidal,RA,1)" and "Generation(0,PV Solar,RA,1)" are equal in the generated mathematical program "leastCostInvestmentPlan".
This may lead to non-unique solutions. 
For more information regarding potential causes and consequences, see the help associated with the option "Warning_duplicate_column".
Warning: The columns "Generation(0,PV Solar,RA,1)" and "Generation(0,Offshore,RA,1)" are equal in the generated mathematical program "leastCostInvestmentPlan".
This may lead to non-unique solutions. 
For more information regarding potential causes and consequences, see the help associated with the option "Warning_duplicate_column".
Warning: The columns "Generation(0,Offshore,RA,1)" and "Generation(0,Hydro,RA,1)" are equal in the generated mathematical program "leastCostInvestmentPlan".
This may lead to non-unique solutions. 
For more information regarding potential causes and consequences, see the help associated with the option "Warning_duplicate_column".
Warning: The columns "Generation(0,Hydro,RA,1)" and "Generation(0,PV Thermal,RA,1)" are equal in the generated mathematical program "leastCostInvestmentPlan".
This may lead to non-unique solutions. 
For more information regarding potential causes and consequences, see the help associated with the option "Warning_duplicate_column".
Warning: The columns "Generation(0,PV Thermal,RA,1)" and "Generation(0,Wind,RA,1)" are equal in the generated mathematical program "leastCostInvestmentPlan".
This may lead to non-unique solutions. 
For more information regarding potential causes and consequences, see the help associated with the option "Warning_duplicate_column".
Warning: The columns "Generation(0,Wind,RA,1)" and "Generation(0,Geothermal,RA,1)" are equal in the generated mathematical program "leastCostInvestmentPlan".
This may lead to non-unique solutions. 
For more information regarding potential causes and consequences, see the help associated with the option "Warning_duplicate_column".
Warning: The columns "Generation(0,Tidal,NY,1)" and "Generation(0,Offshore,NY,1)" are equal in the generated mathematical program "leastCostInvestmentPlan".
This may lead to non-unique solutions. 
For more information regarding potential causes and consequences, see the help associated with the option "Warning_duplicate_column".
Warning: The columns "Generation(0,Offshore,NY,1)" and "Generation(0,Wind,NY,1)" are equal in the generated mathematical program "leastCostInvestmentPlan".
This may lead to non-unique solutions. 
For more information regarding potential causes and consequences, see the help associated with the option "Warning_duplicate_column".
Warning: The columns "Generation(0,Wind,NY,1)" and "Generation(0,Geothermal,NY,1)" are equal in the generated mathematical program "leastCostInvestmentPlan".
This may lead to non-unique solutions. 
For more information regarding potential causes and consequences, see the help associated with the option "Warning_duplicate_column".
Warning: The columns "Generation(0,Geothermal,NY,1)" and "Generation(0,Hydro,NY,1)" are equal in the generated mathematical program "leastCostInvestmentPlan".
This may lead to non-unique solutions. 
For more information regarding potential causes and consequences, see the help associated with the option "Warning_duplicate_column".
Warning: The columns "Generation(0,Hydro,NY,1)" and "Generation(0,PV Thermal,NY,1)" are equal in the generated mathematical program "leastCostInvestmentPlan".
This may lead to non-unique solutions. 
For more information regarding potential causes and consequences, see the help associated with the option "Warning_duplicate_column".
Warning: The columns "Generation(0,PV Thermal,NY,1)" and "Generation(0,PV Solar,NY,1)" are equal in the generated mathematical program "leastCostInvestmentPlan".
This may lead to non-unique solutions. 
For more information regarding potential causes and consequences, see the help associated with the option "Warning_duplicate_column".
Warning: The columns "Generation(0,Geothermal,FL,1)" and "Generation(0,Offshore,FL,1)" are equal in the generated mathematical program "leastCostInvestmentPlan".
This may lead to non-unique solutions. 
For more information regarding potential causes and consequences, see the help associated with the option "Warning_duplicate_column".
The maximum of 20 warnings reached, further warnings suppressed.
